#-----------------------------------------------------------
# Vivado v2021.2 (64-bit)
# SW Build 3367213 on Tue Oct 19 02:48:09 MDT 2021
# IP Build 3369179 on Thu Oct 21 08:25:16 MDT 2021
# Start of session at: Tue Aug  1 11:06:33 2023
# Process ID: 11232
# Current directory: C:/Users/abbas/Desktop/GITHUB/rising_detector/netlist
# Command line: vivado.exe -mode batch -source ProjectGeneration.tcl -notrace
# Log file: C:/Users/abbas/Desktop/GITHUB/rising_detector/netlist/vivado.log
# Journal file: C:/Users/abbas/Desktop/GITHUB/rising_detector/netlist\vivado.jou
# Running On: DESKTOP-JEI2OF3, OS: Windows, CPU Frequency: 2496 MHz, CPU Physical cores: 8, Host memory: 17042 MB
#-----------------------------------------------------------
source ProjectGeneration.tcl -notrace
IP Repository Located at : C:/Xilinx/Vivado/2021.2/data/ip
INFO: [filemgmt 56-3] Default IP Output Path : Could not find the directory 'C:/Users/abbas/Desktop/GITHUB/rising_detector/netlist/ip_catalog/rising_detector.gen/sources_1'.
Scanning sources...
Finished scanning sources
WARNING: [Coretcl 2-176] No IPs found
Adding File C:/Users/abbas/Desktop/GITHUB/rising_detector/netlist/sysgen/rising_detector.xdc
INFO: [IP_Flow 19-234] Refreshing IP repositories
INFO: [IP_Flow 19-1704] No user IP repositories specified
INFO: [IP_Flow 19-2313] Loaded Vivado IP repository 'C:/Xilinx/Vivado/2021.2/data/ip'.
INFO: [IP_Flow 19-5107] Inferred bus interface 'clk' of definition 'xilinx.com:signal:clock:1.0' (from TCL Argument).
WARNING: [IP_Flow 19-5661] Bus Interface 'clk' does not have any bus interfaces associated with it.
INFO: [IP_Flow 19-2181] Payment Required is not set for this core.
INFO: [IP_Flow 19-2187] The Product Guide file is missing.
INFO: [Ipptcl 7-1486] check_integrity: Integrity check passed.
WARNING: [Coretcl 2-176] No IPs found
INFO: [IP_Flow 19-234] Refreshing IP repositories
INFO: [IP_Flow 19-1700] Loaded user IP repository 'c:/Users/abbas/Desktop/GITHUB/rising_detector/netlist/ip'.
WARNING: [IP_Flow 19-3656] If you move the project, the path for repository 'c:/Users/abbas/Desktop/GITHUB/rising_detector/netlist/ip' may become invalid. A better location for the repository would be in a path adjacent to the project. (Current project location is 'c:/Users/abbas/Desktop/GITHUB/rising_detector/netlist/ip_catalog'.)
0
Wrote  : <C:\Users\abbas\Desktop\GITHUB\rising_detector\netlist\ip_catalog\rising_detector.srcs\sources_1\bd\rising_detector_bd\rising_detector_bd.bd> 
INFO: [BD 41-2613] The output directory c:/Users/abbas/Desktop/GITHUB/rising_detector/netlist/ip_catalog/rising_detector.gen/sources_1/bd/rising_detector_bd for rising_detector_bd cannot be found.
WARNING: [BD 5-232] No interface pins matched 'get_bd_intf_pins /rising_detector_1/*'
WARNING: [BD 5-232] No interface pins matched 'get_bd_intf_pins /rising_detector_1/*'
WARNING: [BD 5-670] It is required to provide a frequency value for a user created input clock port. Please use the <-freq_hz $freq_val> argument of the create_bd_port command. ie create_bd_port -dir I -type clk -freq_hz 100000000 clkin
WARNING: [BD 5-232] No interface pins matched 'get_bd_intf_pins /rising_detector_1/*'
Wrote  : <C:\Users\abbas\Desktop\GITHUB\rising_detector\netlist\ip_catalog\rising_detector.srcs\sources_1\bd\rising_detector_bd\rising_detector_bd.bd> 
INFO: [Common 17-206] Exiting Vivado at Tue Aug  1 11:06:46 2023...
